[debug] [2020-10-30T22:11:10.708Z] ----------------------------------------------------------------------
[debug] [2020-10-30T22:11:10.710Z] Command:       C:\Program Files\nodejs\node.exe C:\Users\dell\AppData\Roaming\npm\node_modules\firebase-tools\lib\bin\firebase.js functions:shell
[debug] [2020-10-30T22:11:10.711Z] CLI Version:   8.12.0
[debug] [2020-10-30T22:11:10.711Z] Platform:      win32
[debug] [2020-10-30T22:11:10.711Z] Node Version:  v12.18.4
[debug] [2020-10-30T22:11:10.712Z] Time:          Fri Oct 30 2020 16:11:10 GMT-0600 (GMT-06:00)
[debug] [2020-10-30T22:11:10.712Z] ----------------------------------------------------------------------
[debug] [2020-10-30T22:11:10.712Z] 
[debug] [2020-10-30T22:11:10.721Z] > command requires scopes: ["email","openid","https://www.googleapis.com/auth/cloudplatformprojects.readonly","https://www.googleapis.com/auth/firebase","https://www.googleapis.com/auth/cloud-platform"]
[debug] [2020-10-30T22:11:10.722Z] > authorizing via signed-in user
[debug] [2020-10-30T22:11:10.722Z] [iam] checking project autopaquete-92c1b for permissions ["firebase.projects.get"]
[debug] [2020-10-30T22:11:10.725Z] > refreshing access token with scopes: ["email","https://www.googleapis.com/auth/cloud-platform","https://www.googleapis.com/auth/cloudplatformprojects.readonly","https://www.googleapis.com/auth/firebase","openid"]
[debug] [2020-10-30T22:11:10.725Z] >>> HTTP REQUEST POST https://www.googleapis.com/oauth2/v3/token  
 <request body omitted>
[debug] [2020-10-30T22:11:11.066Z] <<< HTTP RESPONSE 200 {"expires":"Mon, 01 Jan 1990 00:00:00 GMT","cache-control":"no-cache, no-store, max-age=0, must-revalidate","date":"Fri, 30 Oct 2020 22:11:10 GMT","pragma":"no-cache","content-type":"application/json; charset=utf-8","vary":"X-Origin, Referer, Origin,Accept-Encoding","server":"scaffolding on HTTPServer2","x-xss-protection":"0","x-frame-options":"SAMEORIGIN","x-content-type-options":"nosniff","alt-svc":"h3-Q050=\":443\"; ma=2592000,h3-29=\":443\"; ma=2592000,h3-T051=\":443\"; ma=2592000,h3-T050=\":443\"; ma=2592000,h3-Q046=\":443\"; ma=2592000,h3-Q043=\":443\"; ma=2592000,quic=\":443\"; ma=2592000; v=\"46,43\"","accept-ranges":"none","transfer-encoding":"chunked"}
[debug] [2020-10-30T22:11:11.096Z] >>> HTTP REQUEST POST https://cloudresourcemanager.googleapis.com/v1/projects/autopaquete-92c1b:testIamPermissions  
 {"permissions":["firebase.projects.get"]}
[debug] [2020-10-30T22:11:11.602Z] <<< HTTP RESPONSE 200 {"content-type":"application/json; charset=UTF-8","vary":"X-Origin, Referer, Origin,Accept-Encoding","date":"Fri, 30 Oct 2020 22:11:11 GMT","server":"ESF","cache-control":"private","x-xss-protection":"0","x-frame-options":"SAMEORIGIN","x-content-type-options":"nosniff","server-timing":"gfet4t7; dur=241","alt-svc":"h3-Q050=\":443\"; ma=2592000,h3-29=\":443\"; ma=2592000,h3-T051=\":443\"; ma=2592000,h3-T050=\":443\"; ma=2592000,h3-Q046=\":443\"; ma=2592000,h3-Q043=\":443\"; ma=2592000,quic=\":443\"; ma=2592000; v=\"46,43\"","accept-ranges":"none","transfer-encoding":"chunked"}
[debug] [2020-10-30T22:11:11.603Z] [iam] error while checking permissions, command may fail: FirebaseError: Authorization failed. This account is missing the following required permissions on project autopaquete-92c1b:

  firebase.projects.get
[warn] !  Your requested "node" version "10" doesn't match your global version "12" {"metadata":{"emulator":{"name":"functions"},"message":"Your requested \"node\" version \"10\" doesn't match your global version \"12\""}}
[debug] [2020-10-30T22:11:13.623Z] defaultcredentials: writing to file C:\Users\dell\AppData\Roaming\firebase\lucemendez_gmail_com_application_default_credentials.json
[debug] [2020-10-30T22:11:13.625Z] DEBUG: Setting GAC to C:\Users\dell\AppData\Roaming\firebase\lucemendez_gmail_com_application_default_credentials.json
[debug] [2020-10-30T22:11:13.642Z] [functions] Watching "C:\Users\dell\Desktop\projects\random-autopaquete\functions" for Cloud Functions...
[debug] [2020-10-30T22:11:13.656Z] DEBUG: [worker-pool] addWorker(~diagnostic~)
[debug] [2020-10-30T22:11:13.656Z] DEBUG: [worker-pool] Adding worker with key ~diagnostic~, total=1
[debug] [2020-10-30T22:11:13.656Z] DEBUG: [worker-pool] submitWork(triggerId=)
[debug] [2020-10-30T22:11:13.657Z] DEBUG: [worker-~diagnostic~-b4c5ba49-1921-4025-bc2f-3ce41e9e1332]: Assigning socketPath: \\?\pipe\C:\Users\dell\Desktop\projects\random-autopaquete\functions\7456
[debug] [2020-10-30T22:11:13.657Z] DEBUG: [worker-~diagnostic~-b4c5ba49-1921-4025-bc2f-3ce41e9e1332]: BUSY
[debug] [2020-10-30T22:11:14.131Z] DEBUG: [runtime-status] [7456] Functions runtime initialized. {"cwd":"C:\\Users\\dell\\Desktop\\projects\\random-autopaquete\\functions","node_version":"12.18.4"}
[debug] [2020-10-30T22:11:14.136Z] DEBUG: [runtime-status] [7456] Disabled runtime features: undefined
[debug] [2020-10-30T22:11:14.151Z] DEBUG: [runtime-status] [7456] Resolved module firebase-admin {"declared":true,"installed":true,"version":"8.12.1","resolution":"C:\\Users\\dell\\Desktop\\projects\\random-autopaquete\\node_modules\\firebase-admin\\lib\\index.js"}
[debug] [2020-10-30T22:11:14.156Z] DEBUG: [runtime-status] [7456] Resolved module firebase-functions {"declared":true,"installed":true,"version":"3.11.0","resolution":"C:\\Users\\dell\\Desktop\\projects\\random-autopaquete\\node_modules\\firebase-functions\\lib\\index.js"}
[debug] [2020-10-30T22:11:14.157Z] DEBUG: [runtime-status] [7456] Resolved module firebase-functions {"declared":true,"installed":true,"version":"3.11.0","resolution":"C:\\Users\\dell\\Desktop\\projects\\random-autopaquete\\node_modules\\firebase-functions\\lib\\index.js"}
[debug] [2020-10-30T22:11:14.159Z] DEBUG: [runtime-status] [7456] Outgoing network have been stubbed. [{"name":"http","status":"mocked"},{"name":"http","status":"mocked"},{"name":"https","status":"mocked"},{"name":"https","status":"mocked"},{"name":"net","status":"mocked"}]
[debug] [2020-10-30T22:11:14.160Z] DEBUG: [runtime-status] [7456] Resolved module firebase-functions {"declared":true,"installed":true,"version":"3.11.0","resolution":"C:\\Users\\dell\\Desktop\\projects\\random-autopaquete\\node_modules\\firebase-functions\\lib\\index.js"}
[debug] [2020-10-30T22:11:14.871Z] DEBUG: [runtime-status] [7456] Checked functions.config() {"config":{}}
[debug] [2020-10-30T22:11:14.872Z] DEBUG: [runtime-status] [7456] firebase-functions has been stubbed. {"functionsResolution":{"declared":true,"installed":true,"version":"3.11.0","resolution":"C:\\Users\\dell\\Desktop\\projects\\random-autopaquete\\node_modules\\firebase-functions\\lib\\index.js"}}
[debug] [2020-10-30T22:11:14.873Z] DEBUG: [runtime-status] [7456] Resolved module firebase-functions {"declared":true,"installed":true,"version":"3.11.0","resolution":"C:\\Users\\dell\\Desktop\\projects\\random-autopaquete\\node_modules\\firebase-functions\\lib\\index.js"}
[debug] [2020-10-30T22:11:14.875Z] DEBUG: [runtime-status] [7456] Resolved module firebase-admin {"declared":true,"installed":true,"version":"8.12.1","resolution":"C:\\Users\\dell\\Desktop\\projects\\random-autopaquete\\node_modules\\firebase-admin\\lib\\index.js"}
[debug] [2020-10-30T22:11:14.876Z] DEBUG: [runtime-status] [7456] Resolved module firebase-functions {"declared":true,"installed":true,"version":"3.11.0","resolution":"C:\\Users\\dell\\Desktop\\projects\\random-autopaquete\\node_modules\\firebase-functions\\lib\\index.js"}
[debug] [2020-10-30T22:11:14.876Z] DEBUG: [runtime-status] [7456] firebase-admin has been stubbed. {"adminResolution":{"declared":true,"installed":true,"version":"8.12.1","resolution":"C:\\Users\\dell\\Desktop\\projects\\random-autopaquete\\node_modules\\firebase-admin\\lib\\index.js"}}
[debug] [2020-10-30T22:11:14.880Z] DEBUG: [runtime-status] [7456] initializeApp(DEFAULT) {"databaseURL":"https://autopaquete-92c1b.firebaseio.com","storageBucket":"autopaquete-92c1b.appspot.com","projectId":"autopaquete-92c1b"}
[debug] [2020-10-30T22:11:22.683Z] [functions[estafeta-create]] http function initialized (http://localhost:5000/autopaquete-92c1b/us-central1/estafeta-create).
[debug] [2020-10-30T22:11:22.683Z] [functions[fedex-create]] http function initialized (http://localhost:5000/autopaquete-92c1b/us-central1/fedex-create).
[debug] [2020-10-30T22:11:22.683Z] [functions[email-send]] http function initialized (http://localhost:5000/autopaquete-92c1b/us-central1/email-send).
[debug] [2020-10-30T22:11:22.683Z] [functions[newUser-send]] http function initialized (http://localhost:5000/autopaquete-92c1b/us-central1/newUser-send).
[debug] [2020-10-30T22:11:22.683Z] [functions[cotizarGuia]] http function initialized (http://localhost:5000/autopaquete-92c1b/us-central1/cotizarGuia).
[debug] [2020-10-30T22:11:22.684Z] [functions[getEmails]] http function initialized (http://localhost:5000/autopaquete-92c1b/us-central1/getEmails).
[info] i  functions: Loaded functions: estafeta.create, fedex.create, email.send, newUser.send, cotizarGuia, getEmails 
[warn] !  functions: The following emulators are not running, calls to these services will affect production: firestore, database, pubsub 
[debug] [2020-10-30T22:11:22.817Z] DEBUG: [worker-~diagnostic~-b4c5ba49-1921-4025-bc2f-3ce41e9e1332]: IDLE
[debug] [2020-10-30T22:41:23.270Z] ----------------------------------------------------------------------
[debug] [2020-10-30T22:41:23.275Z] Command:       C:\Program Files\nodejs\node.exe C:\Users\dell\AppData\Roaming\npm\node_modules\firebase-tools\lib\bin\firebase.js functions:shell
[debug] [2020-10-30T22:41:23.275Z] CLI Version:   8.12.0
[debug] [2020-10-30T22:41:23.276Z] Platform:      win32
[debug] [2020-10-30T22:41:23.276Z] Node Version:  v12.18.4
[debug] [2020-10-30T22:41:23.278Z] Time:          Fri Oct 30 2020 16:41:23 GMT-0600 (GMT-06:00)
[debug] [2020-10-30T22:41:23.278Z] ----------------------------------------------------------------------
[debug] [2020-10-30T22:41:23.278Z] 
[debug] [2020-10-30T22:41:23.340Z] > command requires scopes: ["email","openid","https://www.googleapis.com/auth/cloudplatformprojects.readonly","https://www.googleapis.com/auth/firebase","https://www.googleapis.com/auth/cloud-platform"]
[debug] [2020-10-30T22:41:23.342Z] > authorizing via signed-in user
[debug] [2020-10-30T22:41:23.343Z] [iam] checking project autopaquete-92c1b for permissions ["firebase.projects.get"]
[debug] [2020-10-30T22:41:23.359Z] >>> HTTP REQUEST POST https://cloudresourcemanager.googleapis.com/v1/projects/autopaquete-92c1b:testIamPermissions  
 {"permissions":["firebase.projects.get"]}
[debug] [2020-10-30T22:41:23.933Z] <<< HTTP RESPONSE 200 {"content-type":"application/json; charset=UTF-8","vary":"X-Origin, Referer, Origin,Accept-Encoding","date":"Fri, 30 Oct 2020 22:41:23 GMT","server":"ESF","cache-control":"private","x-xss-protection":"0","x-frame-options":"SAMEORIGIN","x-content-type-options":"nosniff","server-timing":"gfet4t7; dur=268","alt-svc":"h3-Q050=\":443\"; ma=2592000,h3-29=\":443\"; ma=2592000,h3-T051=\":443\"; ma=2592000,h3-T050=\":443\"; ma=2592000,h3-Q046=\":443\"; ma=2592000,h3-Q043=\":443\"; ma=2592000,quic=\":443\"; ma=2592000; v=\"46,43\"","accept-ranges":"none","transfer-encoding":"chunked"}
[debug] [2020-10-30T22:41:23.936Z] [iam] error while checking permissions, command may fail: FirebaseError: Authorization failed. This account is missing the following required permissions on project autopaquete-92c1b:

  firebase.projects.get
[warn] !  Your requested "node" version "10" doesn't match your global version "12" {"metadata":{"emulator":{"name":"functions"},"message":"Your requested \"node\" version \"10\" doesn't match your global version \"12\""}}
[debug] [2020-10-30T22:41:25.951Z] defaultcredentials: writing to file C:\Users\dell\AppData\Roaming\firebase\lucemendez_gmail_com_application_default_credentials.json
[debug] [2020-10-30T22:41:25.953Z] DEBUG: Setting GAC to C:\Users\dell\AppData\Roaming\firebase\lucemendez_gmail_com_application_default_credentials.json
[debug] [2020-10-30T22:41:25.964Z] [functions] Watching "C:\Users\dell\Desktop\projects\random-autopaquete\functions" for Cloud Functions...
[debug] [2020-10-30T22:41:25.978Z] DEBUG: [worker-pool] addWorker(~diagnostic~)
[debug] [2020-10-30T22:41:25.978Z] DEBUG: [worker-pool] Adding worker with key ~diagnostic~, total=1
[debug] [2020-10-30T22:41:25.978Z] DEBUG: [worker-pool] submitWork(triggerId=)
[debug] [2020-10-30T22:41:25.978Z] DEBUG: [worker-~diagnostic~-343d61a9-c6ff-4804-aa3a-afd9158d1ad2]: Assigning socketPath: \\?\pipe\C:\Users\dell\Desktop\projects\random-autopaquete\functions\15568
[debug] [2020-10-30T22:41:25.979Z] DEBUG: [worker-~diagnostic~-343d61a9-c6ff-4804-aa3a-afd9158d1ad2]: BUSY
[debug] [2020-10-30T22:41:26.546Z] DEBUG: [runtime-status] [15568] Functions runtime initialized. {"cwd":"C:\\Users\\dell\\Desktop\\projects\\random-autopaquete\\functions","node_version":"12.18.4"}
[debug] [2020-10-30T22:41:26.551Z] DEBUG: [runtime-status] [15568] Disabled runtime features: undefined
[debug] [2020-10-30T22:41:26.556Z] DEBUG: [runtime-status] [15568] Resolved module firebase-admin {"declared":true,"installed":true,"version":"8.12.1","resolution":"C:\\Users\\dell\\Desktop\\projects\\random-autopaquete\\node_modules\\firebase-admin\\lib\\index.js"}
[debug] [2020-10-30T22:41:26.559Z] DEBUG: [runtime-status] [15568] Resolved module firebase-functions {"declared":true,"installed":true,"version":"3.11.0","resolution":"C:\\Users\\dell\\Desktop\\projects\\random-autopaquete\\node_modules\\firebase-functions\\lib\\index.js"}
[debug] [2020-10-30T22:41:26.560Z] DEBUG: [runtime-status] [15568] Resolved module firebase-functions {"declared":true,"installed":true,"version":"3.11.0","resolution":"C:\\Users\\dell\\Desktop\\projects\\random-autopaquete\\node_modules\\firebase-functions\\lib\\index.js"}
[debug] [2020-10-30T22:41:26.561Z] DEBUG: [runtime-status] [15568] Outgoing network have been stubbed. [{"name":"http","status":"mocked"},{"name":"http","status":"mocked"},{"name":"https","status":"mocked"},{"name":"https","status":"mocked"},{"name":"net","status":"mocked"}]
[debug] [2020-10-30T22:41:26.562Z] DEBUG: [runtime-status] [15568] Resolved module firebase-functions {"declared":true,"installed":true,"version":"3.11.0","resolution":"C:\\Users\\dell\\Desktop\\projects\\random-autopaquete\\node_modules\\firebase-functions\\lib\\index.js"}
[debug] [2020-10-30T22:41:27.100Z] DEBUG: [runtime-status] [15568] Checked functions.config() {"config":{}}
[debug] [2020-10-30T22:41:27.101Z] DEBUG: [runtime-status] [15568] firebase-functions has been stubbed. {"functionsResolution":{"declared":true,"installed":true,"version":"3.11.0","resolution":"C:\\Users\\dell\\Desktop\\projects\\random-autopaquete\\node_modules\\firebase-functions\\lib\\index.js"}}
[debug] [2020-10-30T22:41:27.101Z] DEBUG: [runtime-status] [15568] Resolved module firebase-functions {"declared":true,"installed":true,"version":"3.11.0","resolution":"C:\\Users\\dell\\Desktop\\projects\\random-autopaquete\\node_modules\\firebase-functions\\lib\\index.js"}
[debug] [2020-10-30T22:41:27.103Z] DEBUG: [runtime-status] [15568] Resolved module firebase-admin {"declared":true,"installed":true,"version":"8.12.1","resolution":"C:\\Users\\dell\\Desktop\\projects\\random-autopaquete\\node_modules\\firebase-admin\\lib\\index.js"}
[debug] [2020-10-30T22:41:27.104Z] DEBUG: [runtime-status] [15568] Resolved module firebase-functions {"declared":true,"installed":true,"version":"3.11.0","resolution":"C:\\Users\\dell\\Desktop\\projects\\random-autopaquete\\node_modules\\firebase-functions\\lib\\index.js"}
[debug] [2020-10-30T22:41:27.104Z] DEBUG: [runtime-status] [15568] firebase-admin has been stubbed. {"adminResolution":{"declared":true,"installed":true,"version":"8.12.1","resolution":"C:\\Users\\dell\\Desktop\\projects\\random-autopaquete\\node_modules\\firebase-admin\\lib\\index.js"}}
[debug] [2020-10-30T22:41:27.108Z] DEBUG: [runtime-status] [15568] initializeApp(DEFAULT) {"databaseURL":"https://autopaquete-92c1b.firebaseio.com","storageBucket":"autopaquete-92c1b.appspot.com","projectId":"autopaquete-92c1b"}
[debug] [2020-10-30T22:41:33.000Z] [functions[estafeta-create]] http function initialized (http://localhost:5000/autopaquete-92c1b/us-central1/estafeta-create).
[debug] [2020-10-30T22:41:33.001Z] [functions[fedex-create]] http function initialized (http://localhost:5000/autopaquete-92c1b/us-central1/fedex-create).
[debug] [2020-10-30T22:41:33.001Z] [functions[email-send]] http function initialized (http://localhost:5000/autopaquete-92c1b/us-central1/email-send).
[debug] [2020-10-30T22:41:33.001Z] [functions[newUser-send]] http function initialized (http://localhost:5000/autopaquete-92c1b/us-central1/newUser-send).
[debug] [2020-10-30T22:41:33.001Z] [functions[cotizarGuia]] http function initialized (http://localhost:5000/autopaquete-92c1b/us-central1/cotizarGuia).
[debug] [2020-10-30T22:41:33.002Z] [functions[getEmails]] http function initialized (http://localhost:5000/autopaquete-92c1b/us-central1/getEmails).
[info] i  functions: Loaded functions: estafeta.create, fedex.create, email.send, newUser.send, cotizarGuia, getEmails 
[warn] !  functions: The following emulators are not running, calls to these services will affect production: firestore, database, pubsub 
[debug] [2020-10-30T22:41:33.028Z] DEBUG: [worker-~diagnostic~-343d61a9-c6ff-4804-aa3a-afd9158d1ad2]: IDLE
